<?xml version="1.0" encoding="UTF-8"?>
<testng-results skipped="0" failed="0" ignored="0" total="1" passed="1">
  <reporter-output>
  </reporter-output>
  <suite name="Surefire suite" duration-ms="360" started-at="2019-10-02T17:51:49 EEST" finished-at="2019-10-02T17:51:49 EEST">
    <groups>
    </groups>
    <test name="Surefire test" duration-ms="360" started-at="2019-10-02T17:51:49 EEST" finished-at="2019-10-02T17:51:49 EEST">
      <class name="test.java.MavenProps">
        <test-method status="PASS" signature="propTest()[pri:0, instance:test.java.MavenProps@45c8d09f]" name="propTest" duration-ms="105" started-at="2019-10-02T17:51:49 EEST" finished-at="2019-10-02T17:51:49 EEST">
          <reporter-output>
          </reporter-output>
        </test-method> <!-- propTest -->
      </class> <!-- test.java.MavenProps -->
    </test> <!-- Surefire test -->
  </suite> <!-- Surefire suite -->
</testng-results>
